The system is: Linux - 4.2.0-34-generic - x86_64
Compiling the C compiler identification source file "CMakeCCompilerId.c" succeeded.
Compiler: /home/maurice/core/build/out-glibc/sysroots/x86_64-linux/usr/bin/arm-angstrom-linux-gnueabi/arm-angstrom-linux-gnueabi-gcc 
Build flags: -mfloat-abi=hard;-L/home/maurice/aws-sdk-cpp/testing-resources
Id flags: 

The output was:
0


Compilation of the C compiler identification source "CMakeCCompilerId.c" produced "a.out"

The C compiler identification is GNU, found in "/home/maurice/aws-sdk-cpp/CMakeFiles/3.3.1/CompilerIdC/a.out"

Compiling the CXX compiler identification source file "CMakeCXXCompilerId.cpp" succeeded.
Compiler: /home/maurice/core/build/out-glibc/sysroots/x86_64-linux/usr/bin/arm-angstrom-linux-gnueabi/arm-angstrom-linux-gnueabi-g++ 
Build flags: -mfloat-abi=hard;-L/home/maurice/aws-sdk-cpp/testing-resources
Id flags: 

The output was:
0


Compilation of the CXX compiler identification source "CMakeCXXCompilerId.cpp" produced "a.out"

The CXX compiler identification is GNU, found in "/home/maurice/aws-sdk-cpp/CMakeFiles/3.3.1/CompilerIdCXX/a.out"

Determining if the C compiler works passed with the following output:
Change Dir: /home/maurice/aws-sdk-cpp/CMakeFiles/CMakeTmp

Run Build Command:"/usr/bin/make" "cmTC_fab7f/fast"
/usr/bin/make -f CMakeFiles/cmTC_fab7f.dir/build.make CMakeFiles/cmTC_fab7f.dir/build
make[1]: Entering directory '/home/maurice/aws-sdk-cpp/CMakeFiles/CMakeTmp'
Building C object CMakeFiles/cmTC_fab7f.dir/testCCompiler.c.o
/home/maurice/core/build/out-glibc/sysroots/x86_64-linux/usr/bin/arm-angstrom-linux-gnueabi/arm-angstrom-linux-gnueabi-gcc   -mfloat-abi=hard -L/home/maurice/aws-sdk-cpp/testing-resources    -o CMakeFiles/cmTC_fab7f.dir/testCCompiler.c.o   -c /home/maurice/aws-sdk-cpp/CMakeFiles/CMakeTmp/testCCompiler.c
Linking C executable cmTC_fab7f
/usr/local/bin/cmake -E cmake_link_script CMakeFiles/cmTC_fab7f.dir/link.txt --verbose=1
/home/maurice/core/build/out-glibc/sysroots/x86_64-linux/usr/bin/arm-angstrom-linux-gnueabi/arm-angstrom-linux-gnueabi-gcc  -mfloat-abi=hard -L/home/maurice/aws-sdk-cpp/testing-resources     CMakeFiles/cmTC_fab7f.dir/testCCompiler.c.o  -o cmTC_fab7f -rdynamic 
make[1]: Leaving directory '/home/maurice/aws-sdk-cpp/CMakeFiles/CMakeTmp'


Detecting C compiler ABI info compiled with the following output:
Change Dir: /home/maurice/aws-sdk-cpp/CMakeFiles/CMakeTmp

Run Build Command:"/usr/bin/make" "cmTC_46519/fast"
/usr/bin/make -f CMakeFiles/cmTC_46519.dir/build.make CMakeFiles/cmTC_46519.dir/build
make[1]: Entering directory '/home/maurice/aws-sdk-cpp/CMakeFiles/CMakeTmp'
Building C object CMakeFiles/cmTC_46519.dir/CMakeCCompilerABI.c.o
/home/maurice/core/build/out-glibc/sysroots/x86_64-linux/usr/bin/arm-angstrom-linux-gnueabi/arm-angstrom-linux-gnueabi-gcc   -mfloat-abi=hard -L/home/maurice/aws-sdk-cpp/testing-resources    -o CMakeFiles/cmTC_46519.dir/CMakeCCompilerABI.c.o   -c /usr/local/share/cmake-3.3/Modules/CMakeCCompilerABI.c
Linking C executable cmTC_46519
/usr/local/bin/cmake -E cmake_link_script CMakeFiles/cmTC_46519.dir/link.txt --verbose=1
/home/maurice/core/build/out-glibc/sysroots/x86_64-linux/usr/bin/arm-angstrom-linux-gnueabi/arm-angstrom-linux-gnueabi-gcc  -mfloat-abi=hard -L/home/maurice/aws-sdk-cpp/testing-resources    -v CMakeFiles/cmTC_46519.dir/CMakeCCompilerABI.c.o  -o cmTC_46519 -rdynamic  
Using built-in specs.
COLLECT_GCC=/home/maurice/core/build/out-glibc/sysroots/x86_64-linux/usr/bin/arm-angstrom-linux-gnueabi/arm-angstrom-linux-gnueabi-gcc
COLLECT_LTO_WRAPPER=/home/maurice/core/build/out-glibc/sysroots/x86_64-linux/usr/libexec/arm-angstrom-linux-gnueabi/gcc/arm-angstrom-linux-gnueabi/4.9.3/lto-wrapper
Target: arm-angstrom-linux-gnueabi
Configured with: /home/maurice/core/build/out-glibc/work-shared/gcc-linaro-4.9-r2014.11/gcc-linaro-4.9-2014.11/configure --build=x86_64-linux --host=x86_64-linux --target=arm-angstrom-linux-gnueabi --prefix=/home/maurice/core/build/out-glibc/sysroots/x86_64-linux/usr --exec_prefix=/home/maurice/core/build/out-glibc/sysroots/x86_64-linux/usr --bindir=/home/maurice/core/build/out-glibc/sysroots/x86_64-linux/usr/bin/arm-angstrom-linux-gnueabi --sbindir=/home/maurice/core/build/out-glibc/sysroots/x86_64-linux/usr/bin/arm-angstrom-linux-gnueabi --libexecdir=/home/maurice/core/build/out-glibc/sysroots/x86_64-linux/usr/libexec/arm-angstrom-linux-gnueabi --datadir=/home/maurice/core/build/out-glibc/sysroots/x86_64-linux/usr/share --sysconfdir=/home/maurice/core/build/out-glibc/sysroots/x86_64-linux/etc --sharedstatedir=/home/maurice/core/build/out-glibc/sysroots/x86_64-linux/com --localstatedir=/home/maurice/core/build/out-glibc/sysroots/x86_64-linux/var --libdir=/home/maurice/core/build/out-glibc/sysroots/x86_64-linux/usr/lib/arm-angstrom-linux-gnueabi --includedir=/home/maurice/core/build/out-glibc/sysroots/x86_64-linux/usr/include --oldincludedir=/home/maurice/core/build/out-glibc/sysroots/x86_64-linux/usr/include --infodir=/home/maurice/core/build/out-glibc/sysroots/x86_64-linux/usr/share/info --mandir=/home/maurice/core/build/out-glibc/sysroots/x86_64-linux/usr/share/man --disable-silent-rules --disable-dependency-tracking --with-libtool-sysroot=/home/maurice/core/build/out-glibc/sysroots/x86_64-linux --enable-clocale=generic --with-gnu-ld --enable-shared --enable-languages=c,c++ --enable-threads=posix --disable-multilib --enable-c99 --enable-long-long --enable-symvers=gnu --enable-libstdcxx-pch --program-prefix=arm-angstrom-linux-gnueabi- --without-local-prefix --enable-target-optspace --enable-lto --enable-libssp --disable-bootstrap --disable-libmudflap --with-system-zlib --with-linker-hash-style=gnu --enable-linker-build-id --with-ppl=no --with-cloog=no --enable-checking=release --enable-cheaders=c_global --with-gxx-include-dir=/home/maurice/core/build/out-glibc/sysroots/colibri-imx6/usr/include/c++/4.9.3 --with-sysroot=/home/maurice/core/build/out-glibc/sysroots/colibri-imx6 --with-build-sysroot=/home/maurice/core/build/out-glibc/sysroots/colibri-imx6 --enable-poison-system-directories --with-mpfr=/home/maurice/core/build/out-glibc/sysroots/x86_64-linux/usr --with-system-zlib --disable-nls --with-arch=armv7-a
Thread model: posix
gcc version 4.9.3 20141031 (prerelease) (Linaro GCC 4.9-2014.11) 
COMPILER_PATH=/home/maurice/core/build/out-glibc/sysroots/x86_64-linux/usr/libexec/arm-angstrom-linux-gnueabi/gcc/arm-angstrom-linux-gnueabi/4.9.3/:/home/maurice/core/build/out-glibc/sysroots/x86_64-linux/usr/libexec/arm-angstrom-linux-gnueabi/gcc/arm-angstrom-linux-gnueabi/4.9.3/:/home/maurice/core/build/out-glibc/sysroots/x86_64-linux/usr/libexec/arm-angstrom-linux-gnueabi/gcc/arm-angstrom-linux-gnueabi/:/home/maurice/core/build/out-glibc/sysroots/x86_64-linux/usr/lib/arm-angstrom-linux-gnueabi/gcc/arm-angstrom-linux-gnueabi/4.9.3/:/home/maurice/core/build/out-glibc/sysroots/x86_64-linux/usr/lib/arm-angstrom-linux-gnueabi/gcc/arm-angstrom-linux-gnueabi/
LIBRARY_PATH=/home/maurice/core/build/out-glibc/sysroots/x86_64-linux/usr/lib/arm-angstrom-linux-gnueabi/gcc/arm-angstrom-linux-gnueabi/4.9.3/:/home/maurice/core/build/out-glibc/sysroots/colibri-imx6/lib/:/home/maurice/core/build/out-glibc/sysroots/colibri-imx6/usr/lib/arm-angstrom-linux-gnueabi/4.9.3/:/home/maurice/core/build/out-glibc/sysroots/colibri-imx6/usr/lib/
COLLECT_GCC_OPTIONS='-mfloat-abi=hard' '-L/home/maurice/aws-sdk-cpp/testing-resources' '-v' '-o' 'cmTC_46519' '-rdynamic' '-march=armv7-a' '-mtls-dialect=gnu'
 /home/maurice/core/build/out-glibc/sysroots/x86_64-linux/usr/libexec/arm-angstrom-linux-gnueabi/gcc/arm-angstrom-linux-gnueabi/4.9.3/collect2 -plugin /home/maurice/core/build/out-glibc/sysroots/x86_64-linux/usr/libexec/arm-angstrom-linux-gnueabi/gcc/arm-angstrom-linux-gnueabi/4.9.3/liblto_plugin.so -plugin-opt=/home/maurice/core/build/out-glibc/sysroots/x86_64-linux/usr/libexec/arm-angstrom-linux-gnueabi/gcc/arm-angstrom-linux-gnueabi/4.9.3/lto-wrapper -plugin-opt=-fresolution=/tmp/ccM15uov.res -plugin-opt=-pass-through=-lgcc -plugin-opt=-pass-through=-lgcc_s -plugin-opt=-pass-through=-lc -plugin-opt=-pass-through=-lgcc -plugin-opt=-pass-through=-lgcc_s --sysroot=/home/maurice/core/build/out-glibc/sysroots/colibri-imx6 --build-id --eh-frame-hdr --hash-style=gnu -export-dynamic -dynamic-linker /lib/ld-linux-armhf.so.3 -X -m armelf_linux_eabi -o cmTC_46519 /home/maurice/core/build/out-glibc/sysroots/colibri-imx6/usr/lib/crt1.o /home/maurice/core/build/out-glibc/sysroots/colibri-imx6/usr/lib/crti.o /home/maurice/core/build/out-glibc/sysroots/colibri-imx6/usr/lib/arm-angstrom-linux-gnueabi/4.9.3/crtbegin.o -L/home/maurice/aws-sdk-cpp/testing-resources -L/home/maurice/core/build/out-glibc/sysroots/x86_64-linux/usr/lib/arm-angstrom-linux-gnueabi/gcc/arm-angstrom-linux-gnueabi/4.9.3 -L/home/maurice/core/build/out-glibc/sysroots/colibri-imx6/lib -L/home/maurice/core/build/out-glibc/sysroots/colibri-imx6/usr/lib/arm-angstrom-linux-gnueabi/4.9.3 -L/home/maurice/core/build/out-glibc/sysroots/colibri-imx6/usr/lib CMakeFiles/cmTC_46519.dir/CMakeCCompilerABI.c.o -lgcc --as-needed -lgcc_s --no-as-needed -lc -lgcc --as-needed -lgcc_s --no-as-needed /home/maurice/core/build/out-glibc/sysroots/colibri-imx6/usr/lib/arm-angstrom-linux-gnueabi/4.9.3/crtend.o /home/maurice/core/build/out-glibc/sysroots/colibri-imx6/usr/lib/crtn.o
make[1]: Leaving directory '/home/maurice/aws-sdk-cpp/CMakeFiles/CMakeTmp'


Parsed C implicit link information from above output:
  link line regex: [^( *|.*[/\])(ld|([^/\]+-)?ld|collect2)[^/\]*( |$)]
  ignore line: [Change Dir: /home/maurice/aws-sdk-cpp/CMakeFiles/CMakeTmp]
  ignore line: []
  ignore line: [Run Build Command:"/usr/bin/make" "cmTC_46519/fast"]
  ignore line: [/usr/bin/make -f CMakeFiles/cmTC_46519.dir/build.make CMakeFiles/cmTC_46519.dir/build]
  ignore line: [make[1]: Entering directory '/home/maurice/aws-sdk-cpp/CMakeFiles/CMakeTmp']
  ignore line: [Building C object CMakeFiles/cmTC_46519.dir/CMakeCCompilerABI.c.o]
  ignore line: [/home/maurice/core/build/out-glibc/sysroots/x86_64-linux/usr/bin/arm-angstrom-linux-gnueabi/arm-angstrom-linux-gnueabi-gcc   -mfloat-abi=hard -L/home/maurice/aws-sdk-cpp/testing-resources    -o CMakeFiles/cmTC_46519.dir/CMakeCCompilerABI.c.o   -c /usr/local/share/cmake-3.3/Modules/CMakeCCompilerABI.c]
  ignore line: [Linking C executable cmTC_46519]
  ignore line: [/usr/local/bin/cmake -E cmake_link_script CMakeFiles/cmTC_46519.dir/link.txt --verbose=1]
  ignore line: [/home/maurice/core/build/out-glibc/sysroots/x86_64-linux/usr/bin/arm-angstrom-linux-gnueabi/arm-angstrom-linux-gnueabi-gcc  -mfloat-abi=hard -L/home/maurice/aws-sdk-cpp/testing-resources    -v CMakeFiles/cmTC_46519.dir/CMakeCCompilerABI.c.o  -o cmTC_46519 -rdynamic  ]
  ignore line: [Using built-in specs.]
  ignore line: [COLLECT_GCC=/home/maurice/core/build/out-glibc/sysroots/x86_64-linux/usr/bin/arm-angstrom-linux-gnueabi/arm-angstrom-linux-gnueabi-gcc]
  ignore line: [COLLECT_LTO_WRAPPER=/home/maurice/core/build/out-glibc/sysroots/x86_64-linux/usr/libexec/arm-angstrom-linux-gnueabi/gcc/arm-angstrom-linux-gnueabi/4.9.3/lto-wrapper]
  ignore line: [Target: arm-angstrom-linux-gnueabi]
  ignore line: [Configured with: /home/maurice/core/build/out-glibc/work-shared/gcc-linaro-4.9-r2014.11/gcc-linaro-4.9-2014.11/configure --build=x86_64-linux --host=x86_64-linux --target=arm-angstrom-linux-gnueabi --prefix=/home/maurice/core/build/out-glibc/sysroots/x86_64-linux/usr --exec_prefix=/home/maurice/core/build/out-glibc/sysroots/x86_64-linux/usr --bindir=/home/maurice/core/build/out-glibc/sysroots/x86_64-linux/usr/bin/arm-angstrom-linux-gnueabi --sbindir=/home/maurice/core/build/out-glibc/sysroots/x86_64-linux/usr/bin/arm-angstrom-linux-gnueabi --libexecdir=/home/maurice/core/build/out-glibc/sysroots/x86_64-linux/usr/libexec/arm-angstrom-linux-gnueabi --datadir=/home/maurice/core/build/out-glibc/sysroots/x86_64-linux/usr/share --sysconfdir=/home/maurice/core/build/out-glibc/sysroots/x86_64-linux/etc --sharedstatedir=/home/maurice/core/build/out-glibc/sysroots/x86_64-linux/com --localstatedir=/home/maurice/core/build/out-glibc/sysroots/x86_64-linux/var --libdir=/home/maurice/core/build/out-glibc/sysroots/x86_64-linux/usr/lib/arm-angstrom-linux-gnueabi --includedir=/home/maurice/core/build/out-glibc/sysroots/x86_64-linux/usr/include --oldincludedir=/home/maurice/core/build/out-glibc/sysroots/x86_64-linux/usr/include --infodir=/home/maurice/core/build/out-glibc/sysroots/x86_64-linux/usr/share/info --mandir=/home/maurice/core/build/out-glibc/sysroots/x86_64-linux/usr/share/man --disable-silent-rules --disable-dependency-tracking --with-libtool-sysroot=/home/maurice/core/build/out-glibc/sysroots/x86_64-linux --enable-clocale=generic --with-gnu-ld --enable-shared --enable-languages=c,c++ --enable-threads=posix --disable-multilib --enable-c99 --enable-long-long --enable-symvers=gnu --enable-libstdcxx-pch --program-prefix=arm-angstrom-linux-gnueabi- --without-local-prefix --enable-target-optspace --enable-lto --enable-libssp --disable-bootstrap --disable-libmudflap --with-system-zlib --with-linker-hash-style=gnu --enable-linker-build-id --with-ppl=no --with-cloog=no --enable-checking=release --enable-cheaders=c_global --with-gxx-include-dir=/home/maurice/core/build/out-glibc/sysroots/colibri-imx6/usr/include/c++/4.9.3 --with-sysroot=/home/maurice/core/build/out-glibc/sysroots/colibri-imx6 --with-build-sysroot=/home/maurice/core/build/out-glibc/sysroots/colibri-imx6 --enable-poison-system-directories --with-mpfr=/home/maurice/core/build/out-glibc/sysroots/x86_64-linux/usr --with-system-zlib --disable-nls --with-arch=armv7-a]
  ignore line: [Thread model: posix]
  ignore line: [gcc version 4.9.3 20141031 (prerelease) (Linaro GCC 4.9-2014.11) ]
  ignore line: [COMPILER_PATH=/home/maurice/core/build/out-glibc/sysroots/x86_64-linux/usr/libexec/arm-angstrom-linux-gnueabi/gcc/arm-angstrom-linux-gnueabi/4.9.3/:/home/maurice/core/build/out-glibc/sysroots/x86_64-linux/usr/libexec/arm-angstrom-linux-gnueabi/gcc/arm-angstrom-linux-gnueabi/4.9.3/:/home/maurice/core/build/out-glibc/sysroots/x86_64-linux/usr/libexec/arm-angstrom-linux-gnueabi/gcc/arm-angstrom-linux-gnueabi/:/home/maurice/core/build/out-glibc/sysroots/x86_64-linux/usr/lib/arm-angstrom-linux-gnueabi/gcc/arm-angstrom-linux-gnueabi/4.9.3/:/home/maurice/core/build/out-glibc/sysroots/x86_64-linux/usr/lib/arm-angstrom-linux-gnueabi/gcc/arm-angstrom-linux-gnueabi/]
  ignore line: [LIBRARY_PATH=/home/maurice/core/build/out-glibc/sysroots/x86_64-linux/usr/lib/arm-angstrom-linux-gnueabi/gcc/arm-angstrom-linux-gnueabi/4.9.3/:/home/maurice/core/build/out-glibc/sysroots/colibri-imx6/lib/:/home/maurice/core/build/out-glibc/sysroots/colibri-imx6/usr/lib/arm-angstrom-linux-gnueabi/4.9.3/:/home/maurice/core/build/out-glibc/sysroots/colibri-imx6/usr/lib/]
  ignore line: [COLLECT_GCC_OPTIONS='-mfloat-abi=hard' '-L/home/maurice/aws-sdk-cpp/testing-resources' '-v' '-o' 'cmTC_46519' '-rdynamic' '-march=armv7-a' '-mtls-dialect=gnu']
  link line: [ /home/maurice/core/build/out-glibc/sysroots/x86_64-linux/usr/libexec/arm-angstrom-linux-gnueabi/gcc/arm-angstrom-linux-gnueabi/4.9.3/collect2 -plugin /home/maurice/core/build/out-glibc/sysroots/x86_64-linux/usr/libexec/arm-angstrom-linux-gnueabi/gcc/arm-angstrom-linux-gnueabi/4.9.3/liblto_plugin.so -plugin-opt=/home/maurice/core/build/out-glibc/sysroots/x86_64-linux/usr/libexec/arm-angstrom-linux-gnueabi/gcc/arm-angstrom-linux-gnueabi/4.9.3/lto-wrapper -plugin-opt=-fresolution=/tmp/ccM15uov.res -plugin-opt=-pass-through=-lgcc -plugin-opt=-pass-through=-lgcc_s -plugin-opt=-pass-through=-lc -plugin-opt=-pass-through=-lgcc -plugin-opt=-pass-through=-lgcc_s --sysroot=/home/maurice/core/build/out-glibc/sysroots/colibri-imx6 --build-id --eh-frame-hdr --hash-style=gnu -export-dynamic -dynamic-linker /lib/ld-linux-armhf.so.3 -X -m armelf_linux_eabi -o cmTC_46519 /home/maurice/core/build/out-glibc/sysroots/colibri-imx6/usr/lib/crt1.o /home/maurice/core/build/out-glibc/sysroots/colibri-imx6/usr/lib/crti.o /home/maurice/core/build/out-glibc/sysroots/colibri-imx6/usr/lib/arm-angstrom-linux-gnueabi/4.9.3/crtbegin.o -L/home/maurice/aws-sdk-cpp/testing-resources -L/home/maurice/core/build/out-glibc/sysroots/x86_64-linux/usr/lib/arm-angstrom-linux-gnueabi/gcc/arm-angstrom-linux-gnueabi/4.9.3 -L/home/maurice/core/build/out-glibc/sysroots/colibri-imx6/lib -L/home/maurice/core/build/out-glibc/sysroots/colibri-imx6/usr/lib/arm-angstrom-linux-gnueabi/4.9.3 -L/home/maurice/core/build/out-glibc/sysroots/colibri-imx6/usr/lib CMakeFiles/cmTC_46519.dir/CMakeCCompilerABI.c.o -lgcc --as-needed -lgcc_s --no-as-needed -lc -lgcc --as-needed -lgcc_s --no-as-needed /home/maurice/core/build/out-glibc/sysroots/colibri-imx6/usr/lib/arm-angstrom-linux-gnueabi/4.9.3/crtend.o /home/maurice/core/build/out-glibc/sysroots/colibri-imx6/usr/lib/crtn.o]
    arg [/home/maurice/core/build/out-glibc/sysroots/x86_64-linux/usr/libexec/arm-angstrom-linux-gnueabi/gcc/arm-angstrom-linux-gnueabi/4.9.3/collect2] ==> ignore
    arg [-plugin] ==> ignore
    arg [/home/maurice/core/build/out-glibc/sysroots/x86_64-linux/usr/libexec/arm-angstrom-linux-gnueabi/gcc/arm-angstrom-linux-gnueabi/4.9.3/liblto_plugin.so] ==> ignore
    arg [-plugin-opt=/home/maurice/core/build/out-glibc/sysroots/x86_64-linux/usr/libexec/arm-angstrom-linux-gnueabi/gcc/arm-angstrom-linux-gnueabi/4.9.3/lto-wrapper] ==> ignore
    arg [-plugin-opt=-fresolution=/tmp/ccM15uov.res] ==> ignore
    arg [-plugin-opt=-pass-through=-lgcc] ==> ignore
    arg [-plugin-opt=-pass-through=-lgcc_s] ==> ignore
    arg [-plugin-opt=-pass-through=-lc] ==> ignore
    arg [-plugin-opt=-pass-through=-lgcc] ==> ignore
    arg [-plugin-opt=-pass-through=-lgcc_s] ==> ignore
    arg [--sysroot=/home/maurice/core/build/out-glibc/sysroots/colibri-imx6] ==> ignore
    arg [--build-id] ==> ignore
    arg [--eh-frame-hdr] ==> ignore
    arg [--hash-style=gnu] ==> ignore
    arg [-export-dynamic] ==> ignore
    arg [-dynamic-linker] ==> ignore
    arg [/lib/ld-linux-armhf.so.3] ==> ignore
    arg [-X] ==> ignore
    arg [-m] ==> ignore
    arg [armelf_linux_eabi] ==> ignore
    arg [-o] ==> ignore
    arg [cmTC_46519] ==> ignore
    arg [/home/maurice/core/build/out-glibc/sysroots/colibri-imx6/usr/lib/crt1.o] ==> ignore
    arg [/home/maurice/core/build/out-glibc/sysroots/colibri-imx6/usr/lib/crti.o] ==> ignore
    arg [/home/maurice/core/build/out-glibc/sysroots/colibri-imx6/usr/lib/arm-angstrom-linux-gnueabi/4.9.3/crtbegin.o] ==> ignore
    arg [-L/home/maurice/aws-sdk-cpp/testing-resources] ==> dir [/home/maurice/aws-sdk-cpp/testing-resources]
    arg [-L/home/maurice/core/build/out-glibc/sysroots/x86_64-linux/usr/lib/arm-angstrom-linux-gnueabi/gcc/arm-angstrom-linux-gnueabi/4.9.3] ==> dir [/home/maurice/core/build/out-glibc/sysroots/x86_64-linux/usr/lib/arm-angstrom-linux-gnueabi/gcc/arm-angstrom-linux-gnueabi/4.9.3]
    arg [-L/home/maurice/core/build/out-glibc/sysroots/colibri-imx6/lib] ==> dir [/home/maurice/core/build/out-glibc/sysroots/colibri-imx6/lib]
    arg [-L/home/maurice/core/build/out-glibc/sysroots/colibri-imx6/usr/lib/arm-angstrom-linux-gnueabi/4.9.3] ==> dir [/home/maurice/core/build/out-glibc/sysroots/colibri-imx6/usr/lib/arm-angstrom-linux-gnueabi/4.9.3]
    arg [-L/home/maurice/core/build/out-glibc/sysroots/colibri-imx6/usr/lib] ==> dir [/home/maurice/core/build/out-glibc/sysroots/colibri-imx6/usr/lib]
    arg [CMakeFiles/cmTC_46519.dir/CMakeCCompilerABI.c.o] ==> ignore
    arg [-lgcc] ==> lib [gcc]
    arg [--as-needed] ==> ignore
    arg [-lgcc_s] ==> lib [gcc_s]
    arg [--no-as-needed] ==> ignore
    arg [-lc] ==> lib [c]
    arg [-lgcc] ==> lib [gcc]
    arg [--as-needed] ==> ignore
    arg [-lgcc_s] ==> lib [gcc_s]
    arg [--no-as-needed] ==> ignore
    arg [/home/maurice/core/build/out-glibc/sysroots/colibri-imx6/usr/lib/arm-angstrom-linux-gnueabi/4.9.3/crtend.o] ==> ignore
    arg [/home/maurice/core/build/out-glibc/sysroots/colibri-imx6/usr/lib/crtn.o] ==> ignore
  remove lib [gcc]
  remove lib [gcc_s]
  remove lib [gcc]
  remove lib [gcc_s]
  collapse library dir [/home/maurice/aws-sdk-cpp/testing-resources] ==> [/home/maurice/aws-sdk-cpp/testing-resources]
  collapse library dir [/home/maurice/core/build/out-glibc/sysroots/x86_64-linux/usr/lib/arm-angstrom-linux-gnueabi/gcc/arm-angstrom-linux-gnueabi/4.9.3] ==> [/home/maurice/core/build/out-glibc/sysroots/x86_64-linux/usr/lib/arm-angstrom-linux-gnueabi/gcc/arm-angstrom-linux-gnueabi/4.9.3]
  collapse library dir [/home/maurice/core/build/out-glibc/sysroots/colibri-imx6/lib] ==> [/home/maurice/core/build/out-glibc/sysroots/colibri-imx6/lib]
  collapse library dir [/home/maurice/core/build/out-glibc/sysroots/colibri-imx6/usr/lib/arm-angstrom-linux-gnueabi/4.9.3] ==> [/home/maurice/core/build/out-glibc/sysroots/colibri-imx6/usr/lib/arm-angstrom-linux-gnueabi/4.9.3]
  collapse library dir [/home/maurice/core/build/out-glibc/sysroots/colibri-imx6/usr/lib] ==> [/home/maurice/core/build/out-glibc/sysroots/colibri-imx6/usr/lib]
  implicit libs: [c]
  implicit dirs: [/home/maurice/aws-sdk-cpp/testing-resources;/home/maurice/core/build/out-glibc/sysroots/x86_64-linux/usr/lib/arm-angstrom-linux-gnueabi/gcc/arm-angstrom-linux-gnueabi/4.9.3;/home/maurice/core/build/out-glibc/sysroots/colibri-imx6/lib;/home/maurice/core/build/out-glibc/sysroots/colibri-imx6/usr/lib/arm-angstrom-linux-gnueabi/4.9.3;/home/maurice/core/build/out-glibc/sysroots/colibri-imx6/usr/lib]
  implicit fwks: []




Detecting C [-std=c11] compiler features compiled with the following output:
Change Dir: /home/maurice/aws-sdk-cpp/CMakeFiles/CMakeTmp

Run Build Command:"/usr/bin/make" "cmTC_cff5c/fast"
/usr/bin/make -f CMakeFiles/cmTC_cff5c.dir/build.make CMakeFiles/cmTC_cff5c.dir/build
make[1]: Entering directory '/home/maurice/aws-sdk-cpp/CMakeFiles/CMakeTmp'
Building C object CMakeFiles/cmTC_cff5c.dir/feature_tests.c.o
/home/maurice/core/build/out-glibc/sysroots/x86_64-linux/usr/bin/arm-angstrom-linux-gnueabi/arm-angstrom-linux-gnueabi-gcc   -mfloat-abi=hard -L/home/maurice/aws-sdk-cpp/testing-resources    -std=c11 -o CMakeFiles/cmTC_cff5c.dir/feature_tests.c.o   -c /home/maurice/aws-sdk-cpp/CMakeFiles/feature_tests.c
Linking C executable cmTC_cff5c
/usr/local/bin/cmake -E cmake_link_script CMakeFiles/cmTC_cff5c.dir/link.txt --verbose=1
/home/maurice/core/build/out-glibc/sysroots/x86_64-linux/usr/bin/arm-angstrom-linux-gnueabi/arm-angstrom-linux-gnueabi-gcc  -mfloat-abi=hard -L/home/maurice/aws-sdk-cpp/testing-resources     CMakeFiles/cmTC_cff5c.dir/feature_tests.c.o  -o cmTC_cff5c -rdynamic 
make[1]: Leaving directory '/home/maurice/aws-sdk-cpp/CMakeFiles/CMakeTmp'


    Feature record: C_FEATURE:1c_function_prototypes
    Feature record: C_FEATURE:1c_restrict
    Feature record: C_FEATURE:1c_static_assert
    Feature record: C_FEATURE:1c_variadic_macros


Detecting C [-std=c99] compiler features compiled with the following output:
Change Dir: /home/maurice/aws-sdk-cpp/CMakeFiles/CMakeTmp

Run Build Command:"/usr/bin/make" "cmTC_b286a/fast"
/usr/bin/make -f CMakeFiles/cmTC_b286a.dir/build.make CMakeFiles/cmTC_b286a.dir/build
make[1]: Entering directory '/home/maurice/aws-sdk-cpp/CMakeFiles/CMakeTmp'
Building C object CMakeFiles/cmTC_b286a.dir/feature_tests.c.o
/home/maurice/core/build/out-glibc/sysroots/x86_64-linux/usr/bin/arm-angstrom-linux-gnueabi/arm-angstrom-linux-gnueabi-gcc   -mfloat-abi=hard -L/home/maurice/aws-sdk-cpp/testing-resources    -std=c99 -o CMakeFiles/cmTC_b286a.dir/feature_tests.c.o   -c /home/maurice/aws-sdk-cpp/CMakeFiles/feature_tests.c
Linking C executable cmTC_b286a
/usr/local/bin/cmake -E cmake_link_script CMakeFiles/cmTC_b286a.dir/link.txt --verbose=1
/home/maurice/core/build/out-glibc/sysroots/x86_64-linux/usr/bin/arm-angstrom-linux-gnueabi/arm-angstrom-linux-gnueabi-gcc  -mfloat-abi=hard -L/home/maurice/aws-sdk-cpp/testing-resources     CMakeFiles/cmTC_b286a.dir/feature_tests.c.o  -o cmTC_b286a -rdynamic 
make[1]: Leaving directory '/home/maurice/aws-sdk-cpp/CMakeFiles/CMakeTmp'


    Feature record: C_FEATURE:1c_function_prototypes
    Feature record: C_FEATURE:1c_restrict
    Feature record: C_FEATURE:0c_static_assert
    Feature record: C_FEATURE:1c_variadic_macros


Detecting C [-std=c90] compiler features compiled with the following output:
Change Dir: /home/maurice/aws-sdk-cpp/CMakeFiles/CMakeTmp

Run Build Command:"/usr/bin/make" "cmTC_aa136/fast"
/usr/bin/make -f CMakeFiles/cmTC_aa136.dir/build.make CMakeFiles/cmTC_aa136.dir/build
make[1]: Entering directory '/home/maurice/aws-sdk-cpp/CMakeFiles/CMakeTmp'
Building C object CMakeFiles/cmTC_aa136.dir/feature_tests.c.o
/home/maurice/core/build/out-glibc/sysroots/x86_64-linux/usr/bin/arm-angstrom-linux-gnueabi/arm-angstrom-linux-gnueabi-gcc   -mfloat-abi=hard -L/home/maurice/aws-sdk-cpp/testing-resources    -std=c90 -o CMakeFiles/cmTC_aa136.dir/feature_tests.c.o   -c /home/maurice/aws-sdk-cpp/CMakeFiles/feature_tests.c
Linking C executable cmTC_aa136
/usr/local/bin/cmake -E cmake_link_script CMakeFiles/cmTC_aa136.dir/link.txt --verbose=1
/home/maurice/core/build/out-glibc/sysroots/x86_64-linux/usr/bin/arm-angstrom-linux-gnueabi/arm-angstrom-linux-gnueabi-gcc  -mfloat-abi=hard -L/home/maurice/aws-sdk-cpp/testing-resources     CMakeFiles/cmTC_aa136.dir/feature_tests.c.o  -o cmTC_aa136 -rdynamic 
make[1]: Leaving directory '/home/maurice/aws-sdk-cpp/CMakeFiles/CMakeTmp'


    Feature record: C_FEATURE:1c_function_prototypes
    Feature record: C_FEATURE:0c_restrict
    Feature record: C_FEATURE:0c_static_assert
    Feature record: C_FEATURE:0c_variadic_macros
Determining if the CXX compiler works passed with the following output:
Change Dir: /home/maurice/aws-sdk-cpp/CMakeFiles/CMakeTmp

Run Build Command:"/usr/bin/make" "cmTC_94e2c/fast"
/usr/bin/make -f CMakeFiles/cmTC_94e2c.dir/build.make CMakeFiles/cmTC_94e2c.dir/build
make[1]: Entering directory '/home/maurice/aws-sdk-cpp/CMakeFiles/CMakeTmp'
Building CXX object CMakeFiles/cmTC_94e2c.dir/testCXXCompiler.cxx.o
/home/maurice/core/build/out-glibc/sysroots/x86_64-linux/usr/bin/arm-angstrom-linux-gnueabi/arm-angstrom-linux-gnueabi-g++    -mfloat-abi=hard -L/home/maurice/aws-sdk-cpp/testing-resources    -o CMakeFiles/cmTC_94e2c.dir/testCXXCompiler.cxx.o -c /home/maurice/aws-sdk-cpp/CMakeFiles/CMakeTmp/testCXXCompiler.cxx
Linking CXX executable cmTC_94e2c
/usr/local/bin/cmake -E cmake_link_script CMakeFiles/cmTC_94e2c.dir/link.txt --verbose=1
/home/maurice/core/build/out-glibc/sysroots/x86_64-linux/usr/bin/arm-angstrom-linux-gnueabi/arm-angstrom-linux-gnueabi-g++   -mfloat-abi=hard -L/home/maurice/aws-sdk-cpp/testing-resources     CMakeFiles/cmTC_94e2c.dir/testCXXCompiler.cxx.o  -o cmTC_94e2c -rdynamic 
make[1]: Leaving directory '/home/maurice/aws-sdk-cpp/CMakeFiles/CMakeTmp'


Detecting CXX compiler ABI info compiled with the following output:
Change Dir: /home/maurice/aws-sdk-cpp/CMakeFiles/CMakeTmp

Run Build Command:"/usr/bin/make" "cmTC_a939d/fast"
/usr/bin/make -f CMakeFiles/cmTC_a939d.dir/build.make CMakeFiles/cmTC_a939d.dir/build
make[1]: Entering directory '/home/maurice/aws-sdk-cpp/CMakeFiles/CMakeTmp'
Building CXX object CMakeFiles/cmTC_a939d.dir/CMakeCXXCompilerABI.cpp.o
/home/maurice/core/build/out-glibc/sysroots/x86_64-linux/usr/bin/arm-angstrom-linux-gnueabi/arm-angstrom-linux-gnueabi-g++    -mfloat-abi=hard -L/home/maurice/aws-sdk-cpp/testing-resources    -o CMakeFiles/cmTC_a939d.dir/CMakeCXXCompilerABI.cpp.o -c /usr/local/share/cmake-3.3/Modules/CMakeCXXCompilerABI.cpp
Linking CXX executable cmTC_a939d
/usr/local/bin/cmake -E cmake_link_script CMakeFiles/cmTC_a939d.dir/link.txt --verbose=1
/home/maurice/core/build/out-glibc/sysroots/x86_64-linux/usr/bin/arm-angstrom-linux-gnueabi/arm-angstrom-linux-gnueabi-g++   -mfloat-abi=hard -L/home/maurice/aws-sdk-cpp/testing-resources    -v CMakeFiles/cmTC_a939d.dir/CMakeCXXCompilerABI.cpp.o  -o cmTC_a939d -rdynamic  
Using built-in specs.
COLLECT_GCC=/home/maurice/core/build/out-glibc/sysroots/x86_64-linux/usr/bin/arm-angstrom-linux-gnueabi/arm-angstrom-linux-gnueabi-g++
COLLECT_LTO_WRAPPER=/home/maurice/core/build/out-glibc/sysroots/x86_64-linux/usr/libexec/arm-angstrom-linux-gnueabi/gcc/arm-angstrom-linux-gnueabi/4.9.3/lto-wrapper
Target: arm-angstrom-linux-gnueabi
Configured with: /home/maurice/core/build/out-glibc/work-shared/gcc-linaro-4.9-r2014.11/gcc-linaro-4.9-2014.11/configure --build=x86_64-linux --host=x86_64-linux --target=arm-angstrom-linux-gnueabi --prefix=/home/maurice/core/build/out-glibc/sysroots/x86_64-linux/usr --exec_prefix=/home/maurice/core/build/out-glibc/sysroots/x86_64-linux/usr --bindir=/home/maurice/core/build/out-glibc/sysroots/x86_64-linux/usr/bin/arm-angstrom-linux-gnueabi --sbindir=/home/maurice/core/build/out-glibc/sysroots/x86_64-linux/usr/bin/arm-angstrom-linux-gnueabi --libexecdir=/home/maurice/core/build/out-glibc/sysroots/x86_64-linux/usr/libexec/arm-angstrom-linux-gnueabi --datadir=/home/maurice/core/build/out-glibc/sysroots/x86_64-linux/usr/share --sysconfdir=/home/maurice/core/build/out-glibc/sysroots/x86_64-linux/etc --sharedstatedir=/home/maurice/core/build/out-glibc/sysroots/x86_64-linux/com --localstatedir=/home/maurice/core/build/out-glibc/sysroots/x86_64-linux/var --libdir=/home/maurice/core/build/out-glibc/sysroots/x86_64-linux/usr/lib/arm-angstrom-linux-gnueabi --includedir=/home/maurice/core/build/out-glibc/sysroots/x86_64-linux/usr/include --oldincludedir=/home/maurice/core/build/out-glibc/sysroots/x86_64-linux/usr/include --infodir=/home/maurice/core/build/out-glibc/sysroots/x86_64-linux/usr/share/info --mandir=/home/maurice/core/build/out-glibc/sysroots/x86_64-linux/usr/share/man --disable-silent-rules --disable-dependency-tracking --with-libtool-sysroot=/home/maurice/core/build/out-glibc/sysroots/x86_64-linux --enable-clocale=generic --with-gnu-ld --enable-shared --enable-languages=c,c++ --enable-threads=posix --disable-multilib --enable-c99 --enable-long-long --enable-symvers=gnu --enable-libstdcxx-pch --program-prefix=arm-angstrom-linux-gnueabi- --without-local-prefix --enable-target-optspace --enable-lto --enable-libssp --disable-bootstrap --disable-libmudflap --with-system-zlib --with-linker-hash-style=gnu --enable-linker-build-id --with-ppl=no --with-cloog=no --enable-checking=release --enable-cheaders=c_global --with-gxx-include-dir=/home/maurice/core/build/out-glibc/sysroots/colibri-imx6/usr/include/c++/4.9.3 --with-sysroot=/home/maurice/core/build/out-glibc/sysroots/colibri-imx6 --with-build-sysroot=/home/maurice/core/build/out-glibc/sysroots/colibri-imx6 --enable-poison-system-directories --with-mpfr=/home/maurice/core/build/out-glibc/sysroots/x86_64-linux/usr --with-system-zlib --disable-nls --with-arch=armv7-a
Thread model: posix
gcc version 4.9.3 20141031 (prerelease) (Linaro GCC 4.9-2014.11) 
COMPILER_PATH=/home/maurice/core/build/out-glibc/sysroots/x86_64-linux/usr/libexec/arm-angstrom-linux-gnueabi/gcc/arm-angstrom-linux-gnueabi/4.9.3/:/home/maurice/core/build/out-glibc/sysroots/x86_64-linux/usr/libexec/arm-angstrom-linux-gnueabi/gcc/arm-angstrom-linux-gnueabi/4.9.3/:/home/maurice/core/build/out-glibc/sysroots/x86_64-linux/usr/libexec/arm-angstrom-linux-gnueabi/gcc/arm-angstrom-linux-gnueabi/:/home/maurice/core/build/out-glibc/sysroots/x86_64-linux/usr/lib/arm-angstrom-linux-gnueabi/gcc/arm-angstrom-linux-gnueabi/4.9.3/:/home/maurice/core/build/out-glibc/sysroots/x86_64-linux/usr/lib/arm-angstrom-linux-gnueabi/gcc/arm-angstrom-linux-gnueabi/
LIBRARY_PATH=/home/maurice/core/build/out-glibc/sysroots/x86_64-linux/usr/lib/arm-angstrom-linux-gnueabi/gcc/arm-angstrom-linux-gnueabi/4.9.3/:/home/maurice/core/build/out-glibc/sysroots/colibri-imx6/lib/:/home/maurice/core/build/out-glibc/sysroots/colibri-imx6/usr/lib/arm-angstrom-linux-gnueabi/4.9.3/:/home/maurice/core/build/out-glibc/sysroots/colibri-imx6/usr/lib/
COLLECT_GCC_OPTIONS='-mfloat-abi=hard' '-L/home/maurice/aws-sdk-cpp/testing-resources' '-v' '-o' 'cmTC_a939d' '-rdynamic' '-shared-libgcc' '-march=armv7-a' '-mtls-dialect=gnu'
 /home/maurice/core/build/out-glibc/sysroots/x86_64-linux/usr/libexec/arm-angstrom-linux-gnueabi/gcc/arm-angstrom-linux-gnueabi/4.9.3/collect2 -plugin /home/maurice/core/build/out-glibc/sysroots/x86_64-linux/usr/libexec/arm-angstrom-linux-gnueabi/gcc/arm-angstrom-linux-gnueabi/4.9.3/liblto_plugin.so -plugin-opt=/home/maurice/core/build/out-glibc/sysroots/x86_64-linux/usr/libexec/arm-angstrom-linux-gnueabi/gcc/arm-angstrom-linux-gnueabi/4.9.3/lto-wrapper -plugin-opt=-fresolution=/tmp/cciubRcQ.res -plugin-opt=-pass-through=-lgcc_s -plugin-opt=-pass-through=-lgcc -plugin-opt=-pass-through=-lc -plugin-opt=-pass-through=-lgcc_s -plugin-opt=-pass-through=-lgcc --sysroot=/home/maurice/core/build/out-glibc/sysroots/colibri-imx6 --build-id --eh-frame-hdr --hash-style=gnu -export-dynamic -dynamic-linker /lib/ld-linux-armhf.so.3 -X -m armelf_linux_eabi -o cmTC_a939d /home/maurice/core/build/out-glibc/sysroots/colibri-imx6/usr/lib/crt1.o /home/maurice/core/build/out-glibc/sysroots/colibri-imx6/usr/lib/crti.o /home/maurice/core/build/out-glibc/sysroots/colibri-imx6/usr/lib/arm-angstrom-linux-gnueabi/4.9.3/crtbegin.o -L/home/maurice/aws-sdk-cpp/testing-resources -L/home/maurice/core/build/out-glibc/sysroots/x86_64-linux/usr/lib/arm-angstrom-linux-gnueabi/gcc/arm-angstrom-linux-gnueabi/4.9.3 -L/home/maurice/core/build/out-glibc/sysroots/colibri-imx6/lib -L/home/maurice/core/build/out-glibc/sysroots/colibri-imx6/usr/lib/arm-angstrom-linux-gnueabi/4.9.3 -L/home/maurice/core/build/out-glibc/sysroots/colibri-imx6/usr/lib CMakeFiles/cmTC_a939d.dir/CMakeCXXCompilerABI.cpp.o -lstdc++ -lm -lgcc_s -lgcc -lc -lgcc_s -lgcc /home/maurice/core/build/out-glibc/sysroots/colibri-imx6/usr/lib/arm-angstrom-linux-gnueabi/4.9.3/crtend.o /home/maurice/core/build/out-glibc/sysroots/colibri-imx6/usr/lib/crtn.o
make[1]: Leaving directory '/home/maurice/aws-sdk-cpp/CMakeFiles/CMakeTmp'


Parsed CXX implicit link information from above output:
  link line regex: [^( *|.*[/\])(ld|([^/\]+-)?ld|collect2)[^/\]*( |$)]
  ignore line: [Change Dir: /home/maurice/aws-sdk-cpp/CMakeFiles/CMakeTmp]
  ignore line: []
  ignore line: [Run Build Command:"/usr/bin/make" "cmTC_a939d/fast"]
  ignore line: [/usr/bin/make -f CMakeFiles/cmTC_a939d.dir/build.make CMakeFiles/cmTC_a939d.dir/build]
  ignore line: [make[1]: Entering directory '/home/maurice/aws-sdk-cpp/CMakeFiles/CMakeTmp']
  ignore line: [Building CXX object CMakeFiles/cmTC_a939d.dir/CMakeCXXCompilerABI.cpp.o]
  ignore line: [/home/maurice/core/build/out-glibc/sysroots/x86_64-linux/usr/bin/arm-angstrom-linux-gnueabi/arm-angstrom-linux-gnueabi-g++    -mfloat-abi=hard -L/home/maurice/aws-sdk-cpp/testing-resources    -o CMakeFiles/cmTC_a939d.dir/CMakeCXXCompilerABI.cpp.o -c /usr/local/share/cmake-3.3/Modules/CMakeCXXCompilerABI.cpp]
  ignore line: [Linking CXX executable cmTC_a939d]
  ignore line: [/usr/local/bin/cmake -E cmake_link_script CMakeFiles/cmTC_a939d.dir/link.txt --verbose=1]
  ignore line: [/home/maurice/core/build/out-glibc/sysroots/x86_64-linux/usr/bin/arm-angstrom-linux-gnueabi/arm-angstrom-linux-gnueabi-g++   -mfloat-abi=hard -L/home/maurice/aws-sdk-cpp/testing-resources    -v CMakeFiles/cmTC_a939d.dir/CMakeCXXCompilerABI.cpp.o  -o cmTC_a939d -rdynamic  ]
  ignore line: [Using built-in specs.]
  ignore line: [COLLECT_GCC=/home/maurice/core/build/out-glibc/sysroots/x86_64-linux/usr/bin/arm-angstrom-linux-gnueabi/arm-angstrom-linux-gnueabi-g++]
  ignore line: [COLLECT_LTO_WRAPPER=/home/maurice/core/build/out-glibc/sysroots/x86_64-linux/usr/libexec/arm-angstrom-linux-gnueabi/gcc/arm-angstrom-linux-gnueabi/4.9.3/lto-wrapper]
  ignore line: [Target: arm-angstrom-linux-gnueabi]
  ignore line: [Configured with: /home/maurice/core/build/out-glibc/work-shared/gcc-linaro-4.9-r2014.11/gcc-linaro-4.9-2014.11/configure --build=x86_64-linux --host=x86_64-linux --target=arm-angstrom-linux-gnueabi --prefix=/home/maurice/core/build/out-glibc/sysroots/x86_64-linux/usr --exec_prefix=/home/maurice/core/build/out-glibc/sysroots/x86_64-linux/usr --bindir=/home/maurice/core/build/out-glibc/sysroots/x86_64-linux/usr/bin/arm-angstrom-linux-gnueabi --sbindir=/home/maurice/core/build/out-glibc/sysroots/x86_64-linux/usr/bin/arm-angstrom-linux-gnueabi --libexecdir=/home/maurice/core/build/out-glibc/sysroots/x86_64-linux/usr/libexec/arm-angstrom-linux-gnueabi --datadir=/home/maurice/core/build/out-glibc/sysroots/x86_64-linux/usr/share --sysconfdir=/home/maurice/core/build/out-glibc/sysroots/x86_64-linux/etc --sharedstatedir=/home/maurice/core/build/out-glibc/sysroots/x86_64-linux/com --localstatedir=/home/maurice/core/build/out-glibc/sysroots/x86_64-linux/var --libdir=/home/maurice/core/build/out-glibc/sysroots/x86_64-linux/usr/lib/arm-angstrom-linux-gnueabi --includedir=/home/maurice/core/build/out-glibc/sysroots/x86_64-linux/usr/include --oldincludedir=/home/maurice/core/build/out-glibc/sysroots/x86_64-linux/usr/include --infodir=/home/maurice/core/build/out-glibc/sysroots/x86_64-linux/usr/share/info --mandir=/home/maurice/core/build/out-glibc/sysroots/x86_64-linux/usr/share/man --disable-silent-rules --disable-dependency-tracking --with-libtool-sysroot=/home/maurice/core/build/out-glibc/sysroots/x86_64-linux --enable-clocale=generic --with-gnu-ld --enable-shared --enable-languages=c,c++ --enable-threads=posix --disable-multilib --enable-c99 --enable-long-long --enable-symvers=gnu --enable-libstdcxx-pch --program-prefix=arm-angstrom-linux-gnueabi- --without-local-prefix --enable-target-optspace --enable-lto --enable-libssp --disable-bootstrap --disable-libmudflap --with-system-zlib --with-linker-hash-style=gnu --enable-linker-build-id --with-ppl=no --with-cloog=no --enable-checking=release --enable-cheaders=c_global --with-gxx-include-dir=/home/maurice/core/build/out-glibc/sysroots/colibri-imx6/usr/include/c++/4.9.3 --with-sysroot=/home/maurice/core/build/out-glibc/sysroots/colibri-imx6 --with-build-sysroot=/home/maurice/core/build/out-glibc/sysroots/colibri-imx6 --enable-poison-system-directories --with-mpfr=/home/maurice/core/build/out-glibc/sysroots/x86_64-linux/usr --with-system-zlib --disable-nls --with-arch=armv7-a]
  ignore line: [Thread model: posix]
  ignore line: [gcc version 4.9.3 20141031 (prerelease) (Linaro GCC 4.9-2014.11) ]
  ignore line: [COMPILER_PATH=/home/maurice/core/build/out-glibc/sysroots/x86_64-linux/usr/libexec/arm-angstrom-linux-gnueabi/gcc/arm-angstrom-linux-gnueabi/4.9.3/:/home/maurice/core/build/out-glibc/sysroots/x86_64-linux/usr/libexec/arm-angstrom-linux-gnueabi/gcc/arm-angstrom-linux-gnueabi/4.9.3/:/home/maurice/core/build/out-glibc/sysroots/x86_64-linux/usr/libexec/arm-angstrom-linux-gnueabi/gcc/arm-angstrom-linux-gnueabi/:/home/maurice/core/build/out-glibc/sysroots/x86_64-linux/usr/lib/arm-angstrom-linux-gnueabi/gcc/arm-angstrom-linux-gnueabi/4.9.3/:/home/maurice/core/build/out-glibc/sysroots/x86_64-linux/usr/lib/arm-angstrom-linux-gnueabi/gcc/arm-angstrom-linux-gnueabi/]
  ignore line: [LIBRARY_PATH=/home/maurice/core/build/out-glibc/sysroots/x86_64-linux/usr/lib/arm-angstrom-linux-gnueabi/gcc/arm-angstrom-linux-gnueabi/4.9.3/:/home/maurice/core/build/out-glibc/sysroots/colibri-imx6/lib/:/home/maurice/core/build/out-glibc/sysroots/colibri-imx6/usr/lib/arm-angstrom-linux-gnueabi/4.9.3/:/home/maurice/core/build/out-glibc/sysroots/colibri-imx6/usr/lib/]
  ignore line: [COLLECT_GCC_OPTIONS='-mfloat-abi=hard' '-L/home/maurice/aws-sdk-cpp/testing-resources' '-v' '-o' 'cmTC_a939d' '-rdynamic' '-shared-libgcc' '-march=armv7-a' '-mtls-dialect=gnu']
  link line: [ /home/maurice/core/build/out-glibc/sysroots/x86_64-linux/usr/libexec/arm-angstrom-linux-gnueabi/gcc/arm-angstrom-linux-gnueabi/4.9.3/collect2 -plugin /home/maurice/core/build/out-glibc/sysroots/x86_64-linux/usr/libexec/arm-angstrom-linux-gnueabi/gcc/arm-angstrom-linux-gnueabi/4.9.3/liblto_plugin.so -plugin-opt=/home/maurice/core/build/out-glibc/sysroots/x86_64-linux/usr/libexec/arm-angstrom-linux-gnueabi/gcc/arm-angstrom-linux-gnueabi/4.9.3/lto-wrapper -plugin-opt=-fresolution=/tmp/cciubRcQ.res -plugin-opt=-pass-through=-lgcc_s -plugin-opt=-pass-through=-lgcc -plugin-opt=-pass-through=-lc -plugin-opt=-pass-through=-lgcc_s -plugin-opt=-pass-through=-lgcc --sysroot=/home/maurice/core/build/out-glibc/sysroots/colibri-imx6 --build-id --eh-frame-hdr --hash-style=gnu -export-dynamic -dynamic-linker /lib/ld-linux-armhf.so.3 -X -m armelf_linux_eabi -o cmTC_a939d /home/maurice/core/build/out-glibc/sysroots/colibri-imx6/usr/lib/crt1.o /home/maurice/core/build/out-glibc/sysroots/colibri-imx6/usr/lib/crti.o /home/maurice/core/build/out-glibc/sysroots/colibri-imx6/usr/lib/arm-angstrom-linux-gnueabi/4.9.3/crtbegin.o -L/home/maurice/aws-sdk-cpp/testing-resources -L/home/maurice/core/build/out-glibc/sysroots/x86_64-linux/usr/lib/arm-angstrom-linux-gnueabi/gcc/arm-angstrom-linux-gnueabi/4.9.3 -L/home/maurice/core/build/out-glibc/sysroots/colibri-imx6/lib -L/home/maurice/core/build/out-glibc/sysroots/colibri-imx6/usr/lib/arm-angstrom-linux-gnueabi/4.9.3 -L/home/maurice/core/build/out-glibc/sysroots/colibri-imx6/usr/lib CMakeFiles/cmTC_a939d.dir/CMakeCXXCompilerABI.cpp.o -lstdc++ -lm -lgcc_s -lgcc -lc -lgcc_s -lgcc /home/maurice/core/build/out-glibc/sysroots/colibri-imx6/usr/lib/arm-angstrom-linux-gnueabi/4.9.3/crtend.o /home/maurice/core/build/out-glibc/sysroots/colibri-imx6/usr/lib/crtn.o]
    arg [/home/maurice/core/build/out-glibc/sysroots/x86_64-linux/usr/libexec/arm-angstrom-linux-gnueabi/gcc/arm-angstrom-linux-gnueabi/4.9.3/collect2] ==> ignore
    arg [-plugin] ==> ignore
    arg [/home/maurice/core/build/out-glibc/sysroots/x86_64-linux/usr/libexec/arm-angstrom-linux-gnueabi/gcc/arm-angstrom-linux-gnueabi/4.9.3/liblto_plugin.so] ==> ignore
    arg [-plugin-opt=/home/maurice/core/build/out-glibc/sysroots/x86_64-linux/usr/libexec/arm-angstrom-linux-gnueabi/gcc/arm-angstrom-linux-gnueabi/4.9.3/lto-wrapper] ==> ignore
    arg [-plugin-opt=-fresolution=/tmp/cciubRcQ.res] ==> ignore
    arg [-plugin-opt=-pass-through=-lgcc_s] ==> ignore
    arg [-plugin-opt=-pass-through=-lgcc] ==> ignore
    arg [-plugin-opt=-pass-through=-lc] ==> ignore
    arg [-plugin-opt=-pass-through=-lgcc_s] ==> ignore
    arg [-plugin-opt=-pass-through=-lgcc] ==> ignore
    arg [--sysroot=/home/maurice/core/build/out-glibc/sysroots/colibri-imx6] ==> ignore
    arg [--build-id] ==> ignore
    arg [--eh-frame-hdr] ==> ignore
    arg [--hash-style=gnu] ==> ignore
    arg [-export-dynamic] ==> ignore
    arg [-dynamic-linker] ==> ignore
    arg [/lib/ld-linux-armhf.so.3] ==> ignore
    arg [-X] ==> ignore
    arg [-m] ==> ignore
    arg [armelf_linux_eabi] ==> ignore
    arg [-o] ==> ignore
    arg [cmTC_a939d] ==> ignore
    arg [/home/maurice/core/build/out-glibc/sysroots/colibri-imx6/usr/lib/crt1.o] ==> ignore
    arg [/home/maurice/core/build/out-glibc/sysroots/colibri-imx6/usr/lib/crti.o] ==> ignore
    arg [/home/maurice/core/build/out-glibc/sysroots/colibri-imx6/usr/lib/arm-angstrom-linux-gnueabi/4.9.3/crtbegin.o] ==> ignore
    arg [-L/home/maurice/aws-sdk-cpp/testing-resources] ==> dir [/home/maurice/aws-sdk-cpp/testing-resources]
    arg [-L/home/maurice/core/build/out-glibc/sysroots/x86_64-linux/usr/lib/arm-angstrom-linux-gnueabi/gcc/arm-angstrom-linux-gnueabi/4.9.3] ==> dir [/home/maurice/core/build/out-glibc/sysroots/x86_64-linux/usr/lib/arm-angstrom-linux-gnueabi/gcc/arm-angstrom-linux-gnueabi/4.9.3]
    arg [-L/home/maurice/core/build/out-glibc/sysroots/colibri-imx6/lib] ==> dir [/home/maurice/core/build/out-glibc/sysroots/colibri-imx6/lib]
    arg [-L/home/maurice/core/build/out-glibc/sysroots/colibri-imx6/usr/lib/arm-angstrom-linux-gnueabi/4.9.3] ==> dir [/home/maurice/core/build/out-glibc/sysroots/colibri-imx6/usr/lib/arm-angstrom-linux-gnueabi/4.9.3]
    arg [-L/home/maurice/core/build/out-glibc/sysroots/colibri-imx6/usr/lib] ==> dir [/home/maurice/core/build/out-glibc/sysroots/colibri-imx6/usr/lib]
    arg [CMakeFiles/cmTC_a939d.dir/CMakeCXXCompilerABI.cpp.o] ==> ignore
    arg [-lstdc++] ==> lib [stdc++]
    arg [-lm] ==> lib [m]
    arg [-lgcc_s] ==> lib [gcc_s]
    arg [-lgcc] ==> lib [gcc]
    arg [-lc] ==> lib [c]
    arg [-lgcc_s] ==> lib [gcc_s]
    arg [-lgcc] ==> lib [gcc]
    arg [/home/maurice/core/build/out-glibc/sysroots/colibri-imx6/usr/lib/arm-angstrom-linux-gnueabi/4.9.3/crtend.o] ==> ignore
    arg [/home/maurice/core/build/out-glibc/sysroots/colibri-imx6/usr/lib/crtn.o] ==> ignore
  remove lib [gcc_s]
  remove lib [gcc]
  remove lib [gcc_s]
  remove lib [gcc]
  collapse library dir [/home/maurice/aws-sdk-cpp/testing-resources] ==> [/home/maurice/aws-sdk-cpp/testing-resources]
  collapse library dir [/home/maurice/core/build/out-glibc/sysroots/x86_64-linux/usr/lib/arm-angstrom-linux-gnueabi/gcc/arm-angstrom-linux-gnueabi/4.9.3] ==> [/home/maurice/core/build/out-glibc/sysroots/x86_64-linux/usr/lib/arm-angstrom-linux-gnueabi/gcc/arm-angstrom-linux-gnueabi/4.9.3]
  collapse library dir [/home/maurice/core/build/out-glibc/sysroots/colibri-imx6/lib] ==> [/home/maurice/core/build/out-glibc/sysroots/colibri-imx6/lib]
  collapse library dir [/home/maurice/core/build/out-glibc/sysroots/colibri-imx6/usr/lib/arm-angstrom-linux-gnueabi/4.9.3] ==> [/home/maurice/core/build/out-glibc/sysroots/colibri-imx6/usr/lib/arm-angstrom-linux-gnueabi/4.9.3]
  collapse library dir [/home/maurice/core/build/out-glibc/sysroots/colibri-imx6/usr/lib] ==> [/home/maurice/core/build/out-glibc/sysroots/colibri-imx6/usr/lib]
  implicit libs: [stdc++;m;c]
  implicit dirs: [/home/maurice/aws-sdk-cpp/testing-resources;/home/maurice/core/build/out-glibc/sysroots/x86_64-linux/usr/lib/arm-angstrom-linux-gnueabi/gcc/arm-angstrom-linux-gnueabi/4.9.3;/home/maurice/core/build/out-glibc/sysroots/colibri-imx6/lib;/home/maurice/core/build/out-glibc/sysroots/colibri-imx6/usr/lib/arm-angstrom-linux-gnueabi/4.9.3;/home/maurice/core/build/out-glibc/sysroots/colibri-imx6/usr/lib]
  implicit fwks: []




Detecting CXX [-std=c++14] compiler features compiled with the following output:
Change Dir: /home/maurice/aws-sdk-cpp/CMakeFiles/CMakeTmp

Run Build Command:"/usr/bin/make" "cmTC_bcd43/fast"
/usr/bin/make -f CMakeFiles/cmTC_bcd43.dir/build.make CMakeFiles/cmTC_bcd43.dir/build
make[1]: Entering directory '/home/maurice/aws-sdk-cpp/CMakeFiles/CMakeTmp'
Building CXX object CMakeFiles/cmTC_bcd43.dir/feature_tests.cxx.o
/home/maurice/core/build/out-glibc/sysroots/x86_64-linux/usr/bin/arm-angstrom-linux-gnueabi/arm-angstrom-linux-gnueabi-g++    -mfloat-abi=hard -L/home/maurice/aws-sdk-cpp/testing-resources    -std=c++14 -o CMakeFiles/cmTC_bcd43.dir/feature_tests.cxx.o -c /home/maurice/aws-sdk-cpp/CMakeFiles/feature_tests.cxx
Linking CXX executable cmTC_bcd43
/usr/local/bin/cmake -E cmake_link_script CMakeFiles/cmTC_bcd43.dir/link.txt --verbose=1
/home/maurice/core/build/out-glibc/sysroots/x86_64-linux/usr/bin/arm-angstrom-linux-gnueabi/arm-angstrom-linux-gnueabi-g++   -mfloat-abi=hard -L/home/maurice/aws-sdk-cpp/testing-resources     CMakeFiles/cmTC_bcd43.dir/feature_tests.cxx.o  -o cmTC_bcd43 -rdynamic 
make[1]: Leaving directory '/home/maurice/aws-sdk-cpp/CMakeFiles/CMakeTmp'


    Feature record: CXX_FEATURE:0cxx_aggregate_default_initializers
    Feature record: CXX_FEATURE:1cxx_alias_templates
    Feature record: CXX_FEATURE:1cxx_alignas
    Feature record: CXX_FEATURE:1cxx_alignof
    Feature record: CXX_FEATURE:1cxx_attributes
    Feature record: CXX_FEATURE:1cxx_attribute_deprecated
    Feature record: CXX_FEATURE:1cxx_auto_type
    Feature record: CXX_FEATURE:1cxx_binary_literals
    Feature record: CXX_FEATURE:1cxx_constexpr
    Feature record: CXX_FEATURE:1cxx_contextual_conversions
    Feature record: CXX_FEATURE:1cxx_decltype
    Feature record: CXX_FEATURE:1cxx_decltype_auto
    Feature record: CXX_FEATURE:1cxx_decltype_incomplete_return_types
    Feature record: CXX_FEATURE:1cxx_default_function_template_args
    Feature record: CXX_FEATURE:1cxx_defaulted_functions
    Feature record: CXX_FEATURE:1cxx_defaulted_move_initializers
    Feature record: CXX_FEATURE:1cxx_delegating_constructors
    Feature record: CXX_FEATURE:1cxx_deleted_functions
    Feature record: CXX_FEATURE:1cxx_digit_separators
    Feature record: CXX_FEATURE:1cxx_enum_forward_declarations
    Feature record: CXX_FEATURE:1cxx_explicit_conversions
    Feature record: CXX_FEATURE:1cxx_extended_friend_declarations
    Feature record: CXX_FEATURE:1cxx_extern_templates
    Feature record: CXX_FEATURE:1cxx_final
    Feature record: CXX_FEATURE:1cxx_func_identifier
    Feature record: CXX_FEATURE:1cxx_generalized_initializers
    Feature record: CXX_FEATURE:1cxx_generic_lambdas
    Feature record: CXX_FEATURE:1cxx_inheriting_constructors
    Feature record: CXX_FEATURE:1cxx_inline_namespaces
    Feature record: CXX_FEATURE:1cxx_lambdas
    Feature record: CXX_FEATURE:1cxx_lambda_init_captures
    Feature record: CXX_FEATURE:1cxx_local_type_template_args
    Feature record: CXX_FEATURE:1cxx_long_long_type
    Feature record: CXX_FEATURE:1cxx_noexcept
    Feature record: CXX_FEATURE:1cxx_nonstatic_member_init
    Feature record: CXX_FEATURE:1cxx_nullptr
    Feature record: CXX_FEATURE:1cxx_override
    Feature record: CXX_FEATURE:1cxx_range_for
    Feature record: CXX_FEATURE:1cxx_raw_string_literals
    Feature record: CXX_FEATURE:1cxx_reference_qualified_functions
    Feature record: CXX_FEATURE:0cxx_relaxed_constexpr
    Feature record: CXX_FEATURE:1cxx_return_type_deduction
    Feature record: CXX_FEATURE:1cxx_right_angle_brackets
    Feature record: CXX_FEATURE:1cxx_rvalue_references
    Feature record: CXX_FEATURE:1cxx_sizeof_member
    Feature record: CXX_FEATURE:1cxx_static_assert
    Feature record: CXX_FEATURE:1cxx_strong_enums
    Feature record: CXX_FEATURE:1cxx_template_template_parameters
    Feature record: CXX_FEATURE:1cxx_thread_local
    Feature record: CXX_FEATURE:1cxx_trailing_return_types
    Feature record: CXX_FEATURE:1cxx_unicode_literals
    Feature record: CXX_FEATURE:1cxx_uniform_initialization
    Feature record: CXX_FEATURE:1cxx_unrestricted_unions
    Feature record: CXX_FEATURE:1cxx_user_literals
    Feature record: CXX_FEATURE:0cxx_variable_templates
    Feature record: CXX_FEATURE:1cxx_variadic_macros
    Feature record: CXX_FEATURE:1cxx_variadic_templates


Detecting CXX [-std=c++11] compiler features compiled with the following output:
Change Dir: /home/maurice/aws-sdk-cpp/CMakeFiles/CMakeTmp

Run Build Command:"/usr/bin/make" "cmTC_8953d/fast"
/usr/bin/make -f CMakeFiles/cmTC_8953d.dir/build.make CMakeFiles/cmTC_8953d.dir/build
make[1]: Entering directory '/home/maurice/aws-sdk-cpp/CMakeFiles/CMakeTmp'
Building CXX object CMakeFiles/cmTC_8953d.dir/feature_tests.cxx.o
/home/maurice/core/build/out-glibc/sysroots/x86_64-linux/usr/bin/arm-angstrom-linux-gnueabi/arm-angstrom-linux-gnueabi-g++    -mfloat-abi=hard -L/home/maurice/aws-sdk-cpp/testing-resources    -std=c++11 -o CMakeFiles/cmTC_8953d.dir/feature_tests.cxx.o -c /home/maurice/aws-sdk-cpp/CMakeFiles/feature_tests.cxx
Linking CXX executable cmTC_8953d
/usr/local/bin/cmake -E cmake_link_script CMakeFiles/cmTC_8953d.dir/link.txt --verbose=1
/home/maurice/core/build/out-glibc/sysroots/x86_64-linux/usr/bin/arm-angstrom-linux-gnueabi/arm-angstrom-linux-gnueabi-g++   -mfloat-abi=hard -L/home/maurice/aws-sdk-cpp/testing-resources     CMakeFiles/cmTC_8953d.dir/feature_tests.cxx.o  -o cmTC_8953d -rdynamic 
make[1]: Leaving directory '/home/maurice/aws-sdk-cpp/CMakeFiles/CMakeTmp'


    Feature record: CXX_FEATURE:0cxx_aggregate_default_initializers
    Feature record: CXX_FEATURE:1cxx_alias_templates
    Feature record: CXX_FEATURE:1cxx_alignas
    Feature record: CXX_FEATURE:1cxx_alignof
    Feature record: CXX_FEATURE:1cxx_attributes
    Feature record: CXX_FEATURE:0cxx_attribute_deprecated
    Feature record: CXX_FEATURE:1cxx_auto_type
    Feature record: CXX_FEATURE:0cxx_binary_literals
    Feature record: CXX_FEATURE:1cxx_constexpr
    Feature record: CXX_FEATURE:0cxx_contextual_conversions
    Feature record: CXX_FEATURE:1cxx_decltype
    Feature record: CXX_FEATURE:0cxx_decltype_auto
    Feature record: CXX_FEATURE:1cxx_decltype_incomplete_return_types
    Feature record: CXX_FEATURE:1cxx_default_function_template_args
    Feature record: CXX_FEATURE:1cxx_defaulted_functions
    Feature record: CXX_FEATURE:1cxx_defaulted_move_initializers
    Feature record: CXX_FEATURE:1cxx_delegating_constructors
    Feature record: CXX_FEATURE:1cxx_deleted_functions
    Feature record: CXX_FEATURE:0cxx_digit_separators
    Feature record: CXX_FEATURE:1cxx_enum_forward_declarations
    Feature record: CXX_FEATURE:1cxx_explicit_conversions
    Feature record: CXX_FEATURE:1cxx_extended_friend_declarations
    Feature record: CXX_FEATURE:1cxx_extern_templates
    Feature record: CXX_FEATURE:1cxx_final
    Feature record: CXX_FEATURE:1cxx_func_identifier
    Feature record: CXX_FEATURE:1cxx_generalized_initializers
    Feature record: CXX_FEATURE:0cxx_generic_lambdas
    Feature record: CXX_FEATURE:1cxx_inheriting_constructors
    Feature record: CXX_FEATURE:1cxx_inline_namespaces
    Feature record: CXX_FEATURE:1cxx_lambdas
    Feature record: CXX_FEATURE:0cxx_lambda_init_captures
    Feature record: CXX_FEATURE:1cxx_local_type_template_args
    Feature record: CXX_FEATURE:1cxx_long_long_type
    Feature record: CXX_FEATURE:1cxx_noexcept
    Feature record: CXX_FEATURE:1cxx_nonstatic_member_init
    Feature record: CXX_FEATURE:1cxx_nullptr
    Feature record: CXX_FEATURE:1cxx_override
    Feature record: CXX_FEATURE:1cxx_range_for
    Feature record: CXX_FEATURE:1cxx_raw_string_literals
    Feature record: CXX_FEATURE:1cxx_reference_qualified_functions
    Feature record: CXX_FEATURE:0cxx_relaxed_constexpr
    Feature record: CXX_FEATURE:0cxx_return_type_deduction
    Feature record: CXX_FEATURE:1cxx_right_angle_brackets
    Feature record: CXX_FEATURE:1cxx_rvalue_references
    Feature record: CXX_FEATURE:1cxx_sizeof_member
    Feature record: CXX_FEATURE:1cxx_static_assert
    Feature record: CXX_FEATURE:1cxx_strong_enums
    Feature record: CXX_FEATURE:1cxx_template_template_parameters
    Feature record: CXX_FEATURE:1cxx_thread_local
    Feature record: CXX_FEATURE:1cxx_trailing_return_types
    Feature record: CXX_FEATURE:1cxx_unicode_literals
    Feature record: CXX_FEATURE:1cxx_uniform_initialization
    Feature record: CXX_FEATURE:1cxx_unrestricted_unions
    Feature record: CXX_FEATURE:1cxx_user_literals
    Feature record: CXX_FEATURE:0cxx_variable_templates
    Feature record: CXX_FEATURE:1cxx_variadic_macros
    Feature record: CXX_FEATURE:1cxx_variadic_templates


Detecting CXX [-std=c++98] compiler features compiled with the following output:
Change Dir: /home/maurice/aws-sdk-cpp/CMakeFiles/CMakeTmp

Run Build Command:"/usr/bin/make" "cmTC_e80e0/fast"
/usr/bin/make -f CMakeFiles/cmTC_e80e0.dir/build.make CMakeFiles/cmTC_e80e0.dir/build
make[1]: Entering directory '/home/maurice/aws-sdk-cpp/CMakeFiles/CMakeTmp'
Building CXX object CMakeFiles/cmTC_e80e0.dir/feature_tests.cxx.o
/home/maurice/core/build/out-glibc/sysroots/x86_64-linux/usr/bin/arm-angstrom-linux-gnueabi/arm-angstrom-linux-gnueabi-g++    -mfloat-abi=hard -L/home/maurice/aws-sdk-cpp/testing-resources    -std=c++98 -o CMakeFiles/cmTC_e80e0.dir/feature_tests.cxx.o -c /home/maurice/aws-sdk-cpp/CMakeFiles/feature_tests.cxx
Linking CXX executable cmTC_e80e0
/usr/local/bin/cmake -E cmake_link_script CMakeFiles/cmTC_e80e0.dir/link.txt --verbose=1
/home/maurice/core/build/out-glibc/sysroots/x86_64-linux/usr/bin/arm-angstrom-linux-gnueabi/arm-angstrom-linux-gnueabi-g++   -mfloat-abi=hard -L/home/maurice/aws-sdk-cpp/testing-resources     CMakeFiles/cmTC_e80e0.dir/feature_tests.cxx.o  -o cmTC_e80e0 -rdynamic 
make[1]: Leaving directory '/home/maurice/aws-sdk-cpp/CMakeFiles/CMakeTmp'


    Feature record: CXX_FEATURE:0cxx_aggregate_default_initializers
    Feature record: CXX_FEATURE:0cxx_alias_templates
    Feature record: CXX_FEATURE:0cxx_alignas
    Feature record: CXX_FEATURE:0cxx_alignof
    Feature record: CXX_FEATURE:0cxx_attributes
    Feature record: CXX_FEATURE:0cxx_attribute_deprecated
    Feature record: CXX_FEATURE:0cxx_auto_type
    Feature record: CXX_FEATURE:0cxx_binary_literals
    Feature record: CXX_FEATURE:0cxx_constexpr
    Feature record: CXX_FEATURE:0cxx_contextual_conversions
    Feature record: CXX_FEATURE:0cxx_decltype
    Feature record: CXX_FEATURE:0cxx_decltype_auto
    Feature record: CXX_FEATURE:0cxx_decltype_incomplete_return_types
    Feature record: CXX_FEATURE:0cxx_default_function_template_args
    Feature record: CXX_FEATURE:0cxx_defaulted_functions
    Feature record: CXX_FEATURE:0cxx_defaulted_move_initializers
    Feature record: CXX_FEATURE:0cxx_delegating_constructors
    Feature record: CXX_FEATURE:0cxx_deleted_functions
    Feature record: CXX_FEATURE:0cxx_digit_separators
    Feature record: CXX_FEATURE:0cxx_enum_forward_declarations
    Feature record: CXX_FEATURE:0cxx_explicit_conversions
    Feature record: CXX_FEATURE:0cxx_extended_friend_declarations
    Feature record: CXX_FEATURE:0cxx_extern_templates
    Feature record: CXX_FEATURE:0cxx_final
    Feature record: CXX_FEATURE:0cxx_func_identifier
    Feature record: CXX_FEATURE:0cxx_generalized_initializers
    Feature record: CXX_FEATURE:0cxx_generic_lambdas
    Feature record: CXX_FEATURE:0cxx_inheriting_constructors
    Feature record: CXX_FEATURE:0cxx_inline_namespaces
    Feature record: CXX_FEATURE:0cxx_lambdas
    Feature record: CXX_FEATURE:0cxx_lambda_init_captures
    Feature record: CXX_FEATURE:0cxx_local_type_template_args
    Feature record: CXX_FEATURE:0cxx_long_long_type
    Feature record: CXX_FEATURE:0cxx_noexcept
    Feature record: CXX_FEATURE:0cxx_nonstatic_member_init
    Feature record: CXX_FEATURE:0cxx_nullptr
    Feature record: CXX_FEATURE:0cxx_override
    Feature record: CXX_FEATURE:0cxx_range_for
    Feature record: CXX_FEATURE:0cxx_raw_string_literals
    Feature record: CXX_FEATURE:0cxx_reference_qualified_functions
    Feature record: CXX_FEATURE:0cxx_relaxed_constexpr
    Feature record: CXX_FEATURE:0cxx_return_type_deduction
    Feature record: CXX_FEATURE:0cxx_right_angle_brackets
    Feature record: CXX_FEATURE:0cxx_rvalue_references
    Feature record: CXX_FEATURE:0cxx_sizeof_member
    Feature record: CXX_FEATURE:0cxx_static_assert
    Feature record: CXX_FEATURE:0cxx_strong_enums
    Feature record: CXX_FEATURE:1cxx_template_template_parameters
    Feature record: CXX_FEATURE:0cxx_thread_local
    Feature record: CXX_FEATURE:0cxx_trailing_return_types
    Feature record: CXX_FEATURE:0cxx_unicode_literals
    Feature record: CXX_FEATURE:0cxx_uniform_initialization
    Feature record: CXX_FEATURE:0cxx_unrestricted_unions
    Feature record: CXX_FEATURE:0cxx_user_literals
    Feature record: CXX_FEATURE:0cxx_variable_templates
    Feature record: CXX_FEATURE:0cxx_variadic_macros
    Feature record: CXX_FEATURE:0cxx_variadic_templates
